生成启动时间为 2021/11/26 22:33:57。
     1>项目“C:\Exam\201933070085\程序设计\6\proj6\proj6.vcxproj”在节点 2 上(build 个目标)。
     1>InitializeBuildStatus:
         正在创建“Debug\proj6.unsuccessfulbuild”，因为已指定“AlwaysCreate”。
       ClCompile:
         C:\Program Files (x86)\Microsoft Visual Studio 10.0\VC\bin\CL.exe /c /ZI /nologo /W3 /WX- /Od /Oy- /D _MBCS /Gm /EHsc /RTC1 /MDd /GS /fp:precise /Zc:wchar_t /Zc:forScope /Fo"Debug\\" /Fd"Debug\vc100.pdb" /Gd /TC /analyze- /errorReport:prompt PROG6.C
         PROG6.C
     1>c:\exam\201933070085\程序设计\6\proj6\prog6.c(21): warning C4244: “=”: 从“double”转换到“float”，可能丢失数据
     1>c:\exam\201933070085\程序设计\6\proj6\prog6.c(26): warning C4996: 'strcpy': This function or variable may be unsafe. Consider using strcpy_s instead. To disable deprecation, use _CRT_SECURE_NO_WARNINGS. See online help for details.
                 c:\program files (x86)\microsoft visual studio 10.0\vc\include\string.h(105) : 参见“strcpy”的声明
     1>c:\exam\201933070085\程序设计\6\proj6\prog6.c(44): warning C4996: 'fopen': This function or variable may be unsafe. Consider using fopen_s instead. To disable deprecation, use _CRT_SECURE_NO_WARNINGS. See online help for details.
                 c:\program files (x86)\microsoft visual studio 10.0\vc\include\stdio.h(234) : 参见“fopen”的声明
     1>c:\exam\201933070085\程序设计\6\proj6\prog6.c(45): warning C4996: 'fopen': This function or variable may be unsafe. Consider using fopen_s instead. To disable deprecation, use _CRT_SECURE_NO_WARNINGS. See online help for details.
                 c:\program files (x86)\microsoft visual studio 10.0\vc\include\stdio.h(234) : 参见“fopen”的声明
     1>c:\exam\201933070085\程序设计\6\proj6\prog6.c(49): warning C4996: 'fscanf': This function or variable may be unsafe. Consider using fscanf_s instead. To disable deprecation, use _CRT_SECURE_NO_WARNINGS. See online help for details.
                 c:\program files (x86)\microsoft visual studio 10.0\vc\include\stdio.h(253) : 参见“fscanf”的声明
       Link:
         C:\Program Files (x86)\Microsoft Visual Studio 10.0\VC\bin\link.exe /ERRORREPORT:PROMPT /OUT:"C:\Exam\201933070085\程序设计\6\Debug\proj6.exe" /NOLOGO kernel32.lib user32.lib gdi32.lib winspool.lib comdlg32.lib advapi32.lib shell32.lib ole32.lib oleaut32.lib uuid.lib odbc32.lib odbccp32.lib /MANIFEST /ManifestFile:"Debug\proj6.exe.intermediate.manifest" /MANIFESTUAC:"level='asInvoker' uiAccess='false'" /DEBUG /PDB:"C:\Exam\201933070085\程序设计\6\Debug\proj6.pdb" /SUBSYSTEM:CONSOLE /TLBID:1 /DYNAMICBASE /NXCOMPAT /IMPLIB:"C:\Exam\201933070085\程序设计\6\Debug\proj6.lib" /MACHINE:X86 Debug\PROG6.obj
         LINK : 没有找到 C:\Exam\201933070085\程序设计\6\Debug\proj6.exe 或上一个增量链接没有生成它；正在执行完全链接
         proj6.vcxproj -> C:\Exam\201933070085\程序设计\6\Debug\proj6.exe
       Manifest:
         C:\Program Files (x86)\Microsoft SDKs\Windows\v7.0A\bin\mt.exe /nologo /verbose /outputresource:"C:\Exam\201933070085\程序设计\6\Debug\proj6.exe;#1" /manifest Debug\proj6.exe.intermediate.manifest
       FinalizeBuildStatus:
         正在删除文件“Debug\proj6.unsuccessfulbuild”。
         正在对“Debug\proj6.lastbuildstate”执行 Touch 任务。
     1>已完成生成项目“C:\Exam\201933070085\程序设计\6\proj6\proj6.vcxproj”(build 个目标)的操作。

生成成功。

已用时间 00:00:01.04
